[22-May-2018 13:36:18 UTC] PHP Fatal error:  Call to a member function query() on a non-object in /home/ubuntu/workspace/Projects/Project1/index.php on line 31
[22-May-2018 13:36:18 UTC] PHP Stack trace:
[22-May-2018 13:36:18 UTC] PHP   1. {main}() /home/ubuntu/workspace/Projects/Project1/index.php:0
[22-May-2018 14:22:37 UTC] PHP Fatal error:  Call to a member function query() on a non-object in /home/ubuntu/workspace/Projects/Project1/index.php on line 32
[22-May-2018 14:22:37 UTC] PHP Stack trace:
[22-May-2018 14:22:37 UTC] PHP   1. {main}() /home/ubuntu/workspace/Projects/Project1/index.php:0
[22-May-2018 14:22:50 UTC] PHP Fatal error:  Call to a member function query() on a non-object in /home/ubuntu/workspace/Projects/Project1/index.php on line 32
[22-May-2018 14:22:50 UTC] PHP Stack trace:
[22-May-2018 14:22:50 UTC] PHP   1. {main}() /home/ubuntu/workspace/Projects/Project1/index.php:0
[22-May-2018 14:23:00 UTC] PHP Fatal error:  Call to a member function query() on a non-object in /home/ubuntu/workspace/Projects/Project1/profile.php on line 25
[22-May-2018 14:23:00 UTC] PHP Stack trace:
[22-May-2018 14:23:00 UTC] PHP   1. {main}() /home/ubuntu/workspace/Projects/Project1/profile.php:0
[22-May-2018 15:31:03 UTC] PHP Fatal error:  Call to a member function query() on a non-object in /home/ubuntu/workspace/Projects/Project1/index.php on line 32
[22-May-2018 15:31:03 UTC] PHP Stack trace:
[22-May-2018 15:31:03 UTC] PHP   1. {main}() /home/ubuntu/workspace/Projects/Project1/index.php:0
[22-May-2018 15:31:07 UTC] PHP Fatal error:  Call to a member function query() on a non-object in /home/ubuntu/workspace/Projects/Project1/register.php on line 68
[22-May-2018 15:31:07 UTC] PHP Stack trace:
[22-May-2018 15:31:07 UTC] PHP   1. {main}() /home/ubuntu/workspace/Projects/Project1/register.php:0
[22-May-2018 16:01:47 UTC] PHP Fatal error:  Call to a member function query() on a non-object in /home/ubuntu/workspace/Projects/Project1/index.php on line 32
[22-May-2018 16:01:47 UTC] PHP Stack trace:
[22-May-2018 16:01:47 UTC] PHP   1. {main}() /home/ubuntu/workspace/Projects/Project1/index.php:0
[22-May-2018 16:01:48 UTC] PHP Fatal error:  Call to a member function query() on a non-object in /home/ubuntu/workspace/Projects/Project1/index.php on line 32
[22-May-2018 16:01:48 UTC] PHP Stack trace:
[22-May-2018 16:01:48 UTC] PHP   1. {main}() /home/ubuntu/workspace/Projects/Project1/index.php:0
[22-May-2018 16:01:49 UTC] PHP Fatal error:  Call to a member function query() on a non-object in /home/ubuntu/workspace/Projects/Project1/index.php on line 32
[22-May-2018 16:01:49 UTC] PHP Stack trace:
[22-May-2018 16:01:49 UTC] PHP   1. {main}() /home/ubuntu/workspace/Projects/Project1/index.php:0
[22-May-2018 16:01:50 UTC] PHP Fatal error:  Call to a member function query() on a non-object in /home/ubuntu/workspace/Projects/Project1/index.php on line 32
[22-May-2018 16:01:50 UTC] PHP Stack trace:
[22-May-2018 16:01:50 UTC] PHP   1. {main}() /home/ubuntu/workspace/Projects/Project1/index.php:0
[22-May-2018 16:01:50 UTC] PHP Fatal error:  Call to a member function query() on a non-object in /home/ubuntu/workspace/Projects/Project1/index.php on line 32
[22-May-2018 16:01:50 UTC] PHP Stack trace:
[22-May-2018 16:01:50 UTC] PHP   1. {main}() /home/ubuntu/workspace/Projects/Project1/index.php:0
[22-May-2018 16:03:47 UTC] PHP Fatal error:  Call to a member function query() on a non-object in /home/ubuntu/workspace/Projects/Project1/index.php on line 32
[22-May-2018 16:03:47 UTC] PHP Stack trace:
[22-May-2018 16:03:47 UTC] PHP   1. {main}() /home/ubuntu/workspace/Projects/Project1/index.php:0
[22-May-2018 16:38:23 UTC] PHP Warning:  mysqli::mysqli(): (HY000/1045): Access denied for user 'username'@'localhost' (using password: YES) in /home/ubuntu/workspace/Projects/Project1/register.php on line 47
[22-May-2018 16:38:23 UTC] PHP Stack trace:
[22-May-2018 16:38:23 UTC] PHP   1. {main}() /home/ubuntu/workspace/Projects/Project1/register.php:0
[22-May-2018 16:38:23 UTC] PHP   2. mysqli->mysqli() /home/ubuntu/workspace/Projects/Project1/register.php:47
[22-May-2018 16:38:24 UTC] PHP Warning:  mysqli::mysqli(): (HY000/1045): Access denied for user 'username'@'localhost' (using password: YES) in /home/ubuntu/workspace/Projects/Project1/register.php on line 47
[22-May-2018 16:38:24 UTC] PHP Stack trace:
[22-May-2018 16:38:24 UTC] PHP   1. {main}() /home/ubuntu/workspace/Projects/Project1/register.php:0
[22-May-2018 16:38:24 UTC] PHP   2. mysqli->mysqli() /home/ubuntu/workspace/Projects/Project1/register.php:47
[22-May-2018 16:38:37 UTC] PHP Warning:  mysqli::mysqli(): (HY000/1045): Access denied for user 'username'@'localhost' (using password: YES) in /home/ubuntu/workspace/Projects/Project1/register.php on line 47
[22-May-2018 16:38:37 UTC] PHP Stack trace:
[22-May-2018 16:38:37 UTC] PHP   1. {main}() /home/ubuntu/workspace/Projects/Project1/register.php:0
[22-May-2018 16:38:37 UTC] PHP   2. mysqli->mysqli() /home/ubuntu/workspace/Projects/Project1/register.php:47
[22-May-2018 16:38:42 UTC] PHP Warning:  mysqli::mysqli(): (HY000/1045): Access denied for user 'username'@'localhost' (using password: YES) in /home/ubuntu/workspace/Projects/Project1/register.php on line 47
[22-May-2018 16:38:42 UTC] PHP Stack trace:
[22-May-2018 16:38:42 UTC] PHP   1. {main}() /home/ubuntu/workspace/Projects/Project1/register.php:0
[22-May-2018 16:38:42 UTC] PHP   2. mysqli->mysqli() /home/ubuntu/workspace/Projects/Project1/register.php:47
[22-May-2018 16:58:42 UTC] PHP Warning:  mysqli::mysqli(): (HY000/1045): Access denied for user 'username'@'localhost' (using password: YES) in /home/ubuntu/workspace/Projects/Project1/register.php on line 47
[22-May-2018 16:58:42 UTC] PHP Stack trace:
[22-May-2018 16:58:42 UTC] PHP   1. {main}() /home/ubuntu/workspace/Projects/Project1/register.php:0
[22-May-2018 16:58:42 UTC] PHP   2. mysqli->mysqli() /home/ubuntu/workspace/Projects/Project1/register.php:47
[22-May-2018 16:58:55 UTC] PHP Warning:  mysqli::mysqli(): (HY000/1045): Access denied for user 'username'@'localhost' (using password: NO) in /home/ubuntu/workspace/Projects/Project1/register.php on line 47
[22-May-2018 16:58:55 UTC] PHP Stack trace:
[22-May-2018 16:58:55 UTC] PHP   1. {main}() /home/ubuntu/workspace/Projects/Project1/register.php:0
[22-May-2018 16:58:55 UTC] PHP   2. mysqli->mysqli() /home/ubuntu/workspace/Projects/Project1/register.php:47
[22-May-2018 17:47:02 UTC] PHP Warning:  mysqli_real_escape_string() expects exactly 2 parameters, 1 given in /home/ubuntu/workspace/Projects/test/register.php on line 4
[22-May-2018 17:47:02 UTC] PHP Stack trace:
[22-May-2018 17:47:02 UTC] PHP   1. {main}() /home/ubuntu/workspace/Projects/test/register.php:0
[22-May-2018 17:47:02 UTC] PHP   2. mysqli_real_escape_string() /home/ubuntu/workspace/Projects/test/register.php:4
[22-May-2018 17:47:02 UTC] PHP Warning:  mysqli_real_escape_string() expects exactly 2 parameters, 1 given in /home/ubuntu/workspace/Projects/test/register.php on line 5
[22-May-2018 17:47:02 UTC] PHP Stack trace:
[22-May-2018 17:47:02 UTC] PHP   1. {main}() /home/ubuntu/workspace/Projects/test/register.php:0
[22-May-2018 17:47:02 UTC] PHP   2. mysqli_real_escape_string() /home/ubuntu/workspace/Projects/test/register.php:5
[22-May-2018 17:55:54 UTC] PHP Parse error:  syntax error, unexpected '}', expecting ',' or ';' in /home/ubuntu/workspace/Projects/test/login.php on line 13
[22-May-2018 18:58:49 UTC] PHP Parse error:  syntax error, unexpected '"User Registration Succesful"' (T_CONSTANT_ENCAPSED_STRING) in /home/ubuntu/workspace/Projects/Project1/register.php on line 19
[22-May-2018 19:25:10 UTC] PHP Parse error:  syntax error, unexpected '"User Registration Succesful"' (T_CONSTANT_ENCAPSED_STRING) in /home/ubuntu/workspace/Projects/Project1/register.php on line 19
[22-May-2018 19:25:29 UTC] PHP Parse error:  syntax error, unexpected '"User Registration Succesful"' (T_CONSTANT_ENCAPSED_STRING) in /home/ubuntu/workspace/Projects/Project1/register.php on line 19
[23-May-2018 20:22:05 UTC] PHP Parse error:  syntax error, unexpected '<' in /home/ubuntu/workspace/Projects/Project1/index.php on line 36
[24-May-2018 04:44:48 UTC] PHP Parse error:  syntax error, unexpected end of file in /home/ubuntu/workspace/Projects/Project1/register.php on line 129
